<?xml version="1.0" encoding="UTF-8"?>
<testng-results skipped="0" failed="1" total="12" passed="11">
  <reporter-output>
  </reporter-output>
  <suite name="Suite1" duration-ms="29" started-at="2014-08-28T06:26:28Z" finished-at="2014-08-28T06:26:28Z">
    <groups>
    </groups>
    <test name="Regression1" duration-ms="29" started-at="2014-08-28T06:26:28Z" finished-at="2014-08-28T06:26:28Z">
      <class name="pack2.Class3">
        <test-method status="PASS" signature="Test8()[pri:0, instance:pack2.Class3@d25538]" name="Test8" duration-ms="1" started-at="2014-08-28T11:56:28Z" finished-at="2014-08-28T11:56:28Z">
          <reporter-output>
          </reporter-output>
        </test-method> <!-- Test8 -->
        <test-method status="PASS" signature="Test7()[pri:0, instance:pack2.Class3@d25538]" name="Test7" duration-ms="0" started-at="2014-08-28T11:56:28Z" finished-at="2014-08-28T11:56:28Z">
          <reporter-output>
          </reporter-output>
        </test-method> <!-- Test7 -->
      </class> <!-- pack2.Class3 -->
      <class name="pack2.Class4">
        <test-method status="PASS" signature="Test5()[pri:0, instance:pack2.Class4@1a4d2c0]" name="Test5" duration-ms="0" started-at="2014-08-28T11:56:28Z" finished-at="2014-08-28T11:56:28Z">
          <reporter-output>
          </reporter-output>
        </test-method> <!-- Test5 -->
        <test-method status="PASS" signature="Test6()[pri:0, instance:pack2.Class4@1a4d2c0]" name="Test6" duration-ms="1" started-at="2014-08-28T11:56:28Z" finished-at="2014-08-28T11:56:28Z">
          <reporter-output>
          </reporter-output>
        </test-method> <!-- Test6 -->
      </class> <!-- pack2.Class4 -->
      <class name="pack1.Class2">
        <test-method status="PASS" signature="Test3()[pri:0, instance:pack1.Class2@1f5cc7d]" name="Test3" duration-ms="0" started-at="2014-08-28T11:56:28Z" finished-at="2014-08-28T11:56:28Z">
          <reporter-output>
          </reporter-output>
        </test-method> <!-- Test3 -->
        <test-method status="FAIL" signature="Test4()[pri:0, instance:pack1.Class2@1f5cc7d]" name="Test4" duration-ms="3" started-at="2014-08-28T11:56:28Z" finished-at="2014-08-28T11:56:28Z">
          <exception class="java.lang.AssertionError">
            <message>
              <![CDATA[I am fail]]>
            </message>
            <full-stacktrace>
              <![CDATA[java.lang.AssertionError: I am fail
	at org.testng.Assert.fail(Assert.java:94)
	at pack1.Class2.Test4(Class2.java:13)
	at sun.reflect.NativeMethodAccessorImpl.invoke0(Native Method)
	at sun.reflect.NativeMethodAccessorImpl.invoke(NativeMethodAccessorImpl.java:57)
	at sun.reflect.DelegatingMethodAccessorImpl.invoke(DelegatingMethodAccessorImpl.java:43)
	at java.lang.reflect.Method.invoke(Method.java:606)
	at org.testng.internal.MethodInvocationHelper.invokeMethod(MethodInvocationHelper.java:84)
	at org.testng.internal.Invoker.invokeMethod(Invoker.java:714)
	at org.testng.internal.Invoker.invokeTestMethod(Invoker.java:901)
	at org.testng.internal.Invoker.invokeTestMethods(Invoker.java:1231)
	at org.testng.internal.TestMethodWorker.invokeTestMethods(TestMethodWorker.java:127)
	at org.testng.internal.TestMethodWorker.run(TestMethodWorker.java:111)
	at org.testng.TestRunner.privateRun(TestRunner.java:767)
	at org.testng.TestRunner.run(TestRunner.java:617)
	at org.testng.SuiteRunner.runTest(SuiteRunner.java:334)
	at org.testng.SuiteRunner.runSequentially(SuiteRunner.java:329)
	at org.testng.SuiteRunner.privateRun(SuiteRunner.java:291)
	at org.testng.SuiteRunner.run(SuiteRunner.java:240)
	at org.testng.SuiteRunnerWorker.runSuite(SuiteRunnerWorker.java:52)
	at org.testng.SuiteRunnerWorker.run(SuiteRunnerWorker.java:86)
	at org.testng.TestNG.runSuitesSequentially(TestNG.java:1224)
	at org.testng.TestNG.runSuitesLocally(TestNG.java:1149)
	at org.testng.TestNG.run(TestNG.java:1057)
	at org.testng.TestNG.privateMain(TestNG.java:1364)
	at org.testng.TestNG.main(TestNG.java:1333)
]]>
            </full-stacktrace>
          </exception> <!-- java.lang.AssertionError -->
          <reporter-output>
          </reporter-output>
        </test-method> <!-- Test4 -->
      </class> <!-- pack1.Class2 -->
      <class name="pack3.Class5">
        <test-method status="PASS" signature="Test10()[pri:0, instance:pack3.Class5@d1e832]" name="Test10" duration-ms="0" started-at="2014-08-28T11:56:28Z" finished-at="2014-08-28T11:56:28Z">
          <reporter-output>
          </reporter-output>
        </test-method> <!-- Test10 -->
        <test-method status="PASS" signature="Test9()[pri:0, instance:pack3.Class5@d1e832]" name="Test9" duration-ms="0" started-at="2014-08-28T11:56:28Z" finished-at="2014-08-28T11:56:28Z">
          <reporter-output>
          </reporter-output>
        </test-method> <!-- Test9 -->
      </class> <!-- pack3.Class5 -->
      <class name="pack1.Class1">
        <test-method status="PASS" signature="Test1()[pri:0, instance:pack1.Class1@501e4e]" name="Test1" duration-ms="7" started-at="2014-08-28T11:56:28Z" finished-at="2014-08-28T11:56:28Z">
          <reporter-output>
          </reporter-output>
        </test-method> <!-- Test1 -->
        <test-method status="PASS" signature="Test2()[pri:0, instance:pack1.Class1@501e4e]" name="Test2" duration-ms="0" started-at="2014-08-28T11:56:28Z" finished-at="2014-08-28T11:56:28Z">
          <reporter-output>
          </reporter-output>
        </test-method> <!-- Test2 -->
      </class> <!-- pack1.Class1 -->
      <class name="pack3.Class6">
        <test-method status="PASS" signature="Test12()[pri:0, instance:pack3.Class6@84a74]" name="Test12" duration-ms="1" started-at="2014-08-28T11:56:28Z" finished-at="2014-08-28T11:56:28Z">
          <reporter-output>
          </reporter-output>
        </test-method> <!-- Test12 -->
        <test-method status="PASS" signature="Test11()[pri:0, instance:pack3.Class6@84a74]" name="Test11" duration-ms="0" started-at="2014-08-28T11:56:28Z" finished-at="2014-08-28T11:56:28Z">
          <reporter-output>
          </reporter-output>
        </test-method> <!-- Test11 -->
      </class> <!-- pack3.Class6 -->
    </test> <!-- Regression1 -->
  </suite> <!-- Suite1 -->
</testng-results>
